[    0.000000] Linux version 4.15.0-212-generic (buildd@lcy02-amd64-083) (gcc version 7.5.0 (Ubuntu 7.5.0-3ubuntu1~18.04)) #223-Ubuntu SMP Tue May 23 13:09:22 UTC 2023 (Ubuntu 4.15.0-212.223-generic 4.15.18)
[    0.000000] Command line: BOOT_IMAGE=/boot/vmlinuz-4.15.0-212-generic root=LABEL=cloudimg-rootfs ro console=tty1 console=ttyS0
[    0.000000] KERNEL supported cpus:
[    0.000000]   Intel GenuineIntel
[    0.000000]   AMD AuthenticAMD
[    0.000000]   Centaur CentaurHauls
[    0.000000] x86/fpu: Supporting XSAVE feature 0x001: 'x87 floating point registers'
[    0.000000] x86/fpu: Supporting XSAVE feature 0x002: 'SSE registers'
[    0.000000] x86/fpu: Supporting XSAVE feature 0x004: 'AVX registers'
[    0.000000] x86/fpu: xstate_offset[2]:  576, xstate_sizes[2]:  256
[    0.000000] x86/fpu: Enabled xstate features 0x7, context size is 832 bytes, using 'standard' format.
[    0.000000] e820: BIOS-provided physical RAM map:
[    0.000000] BIOS-e820: [mem 0x0000000000000000-0x000000000009fbff] usable
[    0.000000] BIOS-e820: [mem 0x000000000009fc00-0x000000000009ffff] reserved
[    0.000000] BIOS-e820: [mem 0x00000000000f0000-0x00000000000fffff] reserved
[    0.000000] BIOS-e820: [mem 0x0000000000100000-0x000000001ffeffff] usable
[    0.000000] BIOS-e820: [mem 0x000000001fff0000-0x000000001fffffff] ACPI data
[    0.000000] BIOS-e820: [mem 0x00000000fec00000-0x00000000fec00fff] reserved
[    0.000000] BIOS-e820: [mem 0x00000000fee00000-0x00000000fee00fff] reserved
[    0.000000] BIOS-e820: [mem 0x00000000fffc0000-0x00000000ffffffff] reserved
[    0.000000] NX (Execute Disable) protection: active
[    0.000000] SMBIOS 2.5 present.
[    0.000000] DMI: innotek GmbH VirtualBox/VirtualBox, BIOS VirtualBox 12/01/2006
[    0.000000] Hypervisor detected: KVM
[    0.000000] e820: last_pfn = 0x1fff0 max_arch_pfn = 0x400000000
[    0.000000] x86/PAT: Configuration [0-7]: WB  WC  UC- UC  WB  WP  UC- WT  
[    0.000000] found SMP MP-table at [mem 0x0009fff0-0x0009ffff]
[    0.000000] Scanning 1 areas for low memory corruption
[    0.000000] RAMDISK: [mem 0x1db01000-0x1ee12fff]
[    0.000000] ACPI: Early table checksum verification disabled
[    0.000000] ACPI: RSDP 0x00000000000E0000 000024 (v02 VBOX  )
[    0.000000] ACPI: XSDT 0x000000001FFF0030 00003C (v01 VBOX   VBOXXSDT 00000001 ASL  00000061)
[    0.000000] ACPI: FACP 0x000000001FFF00F0 0000F4 (v04 VBOX   VBOXFACP 00000001 ASL  00000061)
[    0.000000] ACPI: DSDT 0x000000001FFF0610 002353 (v02 VBOX   VBOXBIOS 00000002 INTL 20230628)
[    0.000000] ACPI: FACS 0x000000001FFF0200 000040
[    0.000000] ACPI: FACS 0x000000001FFF0200 000040
[    0.000000] ACPI: APIC 0x000000001FFF0240 00005C (v02 VBOX   VBOXAPIC 00000001 ASL  00000061)
[    0.000000] ACPI: SSDT 0x000000001FFF02A0 00036C (v01 VBOX   VBOXCPUT 00000002 INTL 20230628)
[    0.000000] ACPI: Reserving FACP table memory at [mem 0x1fff00f0-0x1fff01e3]
[    0.000000] ACPI: Reserving DSDT table memory at [mem 0x1fff0610-0x1fff2962]
[    0.000000] ACPI: Reserving FACS table memory at [mem 0x1fff0200-0x1fff023f]
[    0.000000] ACPI: Reserving FACS table memory at [mem 0x1fff0200-0x1fff023f]
[    0.000000] ACPI: Reserving APIC table memory at [mem 0x1fff0240-0x1fff029b]
[    0.000000] ACPI: Reserving SSDT table memory at [mem 0x1fff02a0-0x1fff060b]
[    0.000000] No NUMA configuration found
[    0.000000] Faking a node at [mem 0x0000000000000000-0x000000001ffeffff]
[    0.000000] NODE_DATA(0) allocated [mem 0x1ffc5000-0x1ffeffff]
[    0.000000] kvm-clock: cpu 0, msr 0:1ff44001, primary cpu clock
[    0.000000] kvm-clock: Using msrs 4b564d01 and 4b564d00
[    0.000000] kvm-clock: using sched offset of 3063824324 cycles
[    0.000000] clocksource: kvm-clock: mask: 0xffffffffffffffff max_cycles: 0x1cd42e4dffb, max_idle_ns: 881590591483 ns
[    0.000000] Zone ranges:
[    0.000000]   DMA      [mem 0x0000000000001000-0x0000000000ffffff]
[    0.000000]   DMA32    [mem 0x0000000001000000-0x000000001ffeffff]
[    0.000000]   Normal   empty
[    0.000000]   Device   empty
[    0.000000] Movable zone start for each node
[    0.000000] Early memory node ranges
[    0.000000]   node   0: [mem 0x0000000000001000-0x000000000009efff]
[    0.000000]   node   0: [mem 0x0000000000100000-0x000000001ffeffff]
[    0.000000] Reserved but unavailable: 104 pages
[    0.000000] Initmem setup node 0 [mem 0x0000000000001000-0x000000001ffeffff]
[    0.000000] ACPI: PM-Timer IO Port: 0x4008
[    0.000000] IOAPIC[0]: apic_id 2, version 32, address 0xfec00000, GSI 0-23
[    0.000000] ACPI: INT_SRC_OVR (bus 0 bus_irq 0 global_irq 2 dfl dfl)
[    0.000000] ACPI: INT_SRC_OVR (bus 0 bus_irq 9 global_irq 9 low level)
[    0.000000] Using ACPI (MADT) for SMP configuration information
[    0.000000] smpboot: Allowing 2 CPUs, 0 hotplug CPUs
[    0.000000] PM: Registered nosave memory: [mem 0x00000000-0x00000fff]
[    0.000000] PM: Registered nosave memory: [mem 0x0009f000-0x0009ffff]
[    0.000000] PM: Registered nosave memory: [mem 0x000a0000-0x000effff]
[    0.000000] PM: Registered nosave memory: [mem 0x000f0000-0x000fffff]
[    0.000000] e820: [mem 0x20000000-0xfebfffff] available for PCI devices
[    0.000000] Booting paravirtualized kernel on KVM
[    0.000000] clocksource: refined-jiffies: mask: 0xffffffff max_cycles: 0xffffffff, max_idle_ns: 7645519600211568 ns
[    0.000000] setup_percpu: NR_CPUS:8192 nr_cpumask_bits:2 nr_cpu_ids:2 nr_node_ids:1
[    0.000000] percpu: Embedded 50 pages/cpu s167936 r8192 d28672 u1048576
[    0.000000] PV qspinlock hash table entries: 256 (order: 0, 4096 bytes)
[    0.000000] Built 1 zonelists, mobility grouping on.  Total pages: 128889
[    0.000000] Policy zone: DMA32
[    0.000000] Kernel command line: BOOT_IMAGE=/boot/vmlinuz-4.15.0-212-generic root=LABEL=cloudimg-rootfs ro console=tty1 console=ttyS0
[    0.000000] Memory: 466548K/523832K available (12300K kernel code, 2477K rwdata, 4324K rodata, 2480K init, 2720K bss, 57284K reserved, 0K cma-reserved)
[    0.000000] SLUB: HWalign=64, Order=0-3, MinObjects=0, CPUs=2, Nodes=1
[    0.000000] Kernel/User page tables isolation: enabled
[    0.000000] ftrace: allocating 39508 entries in 155 pages
[    0.004000] Hierarchical RCU implementation.
[    0.004000] 	RCU restricting CPUs from NR_CPUS=8192 to nr_cpu_ids=2.
[    0.004000] 	Tasks RCU enabled.
[    0.004000] RCU: Adjusting geometry for rcu_fanout_leaf=16, nr_cpu_ids=2
[    0.004000] NR_IRQS: 524544, nr_irqs: 440, preallocated irqs: 16
[    0.004000] random: crng init done
[    0.004000] Console: colour VGA+ 80x25
[    0.004000] console [tty1] enabled
[    0.004000] console [ttyS0] enabled
[    0.004000] ACPI: Core revision 20170831
[    0.004000] ACPI: 2 ACPI AML tables successfully acquired and loaded
[    0.004000] APIC: Switch to symmetric I/O mode setup
[    0.004000] x2apic enabled
[    0.004000] Switched APIC routing to physical x2apic.
[    0.004000] ..TIMER: vector=0x30 apic1=0 pin1=2 apic2=-1 pin2=-1
[    0.004000] tsc: Detected 3392.126 MHz processor
[    0.004000] Calibrating delay loop (skipped) preset value.. 6784.25 BogoMIPS (lpj=13568504)
[    0.004000] pid_max: default: 32768 minimum: 301
[    0.004000] Security Framework initialized
[    0.004000] Yama: becoming mindful.
[    0.004000] AppArmor: AppArmor initialized
[    0.004000] Dentry cache hash table entries: 65536 (order: 7, 524288 bytes)
[    0.004000] Inode-cache hash table entries: 32768 (order: 6, 262144 bytes)
[    0.004000] Mount-cache hash table entries: 1024 (order: 1, 8192 bytes)
[    0.004000] Mountpoint-cache hash table entries: 1024 (order: 1, 8192 bytes)
[    0.004000] Last level iTLB entries: 4KB 1024, 2MB 1024, 4MB 1024
[    0.004000] Last level dTLB entries: 4KB 1024, 2MB 1024, 4MB 1024, 1GB 4
[    0.004000] Spectre V1 : Mitigation: usercopy/swapgs barriers and __user pointer sanitization
[    0.004000] Spectre V2 : Mitigation: Retpolines
[    0.004000] Spectre V2 : Spectre v2 / SpectreRSB mitigation: Filling RSB on context switch
[    0.004000] Spectre V2 : Spectre v2 / SpectreRSB : Filling RSB on VMEXIT
[    0.004000] Speculative Store Bypass: Vulnerable
[    0.004000] MDS: Mitigation: Clear CPU buffers
[    0.004000] MMIO Stale Data: Unknown: No mitigations
[    0.004000] SRBDS: Unknown: Dependent on hypervisor status
[    0.004000] Freeing SMP alternatives memory: 36K
[    0.119608] APIC calibration not consistent with PM-Timer: 104ms instead of 100ms
[    0.120000] APIC delta adjusted to PM-Timer: 6450570 (6726449)
[    0.120041] smpboot: CPU0: Intel(R) Core(TM) i7-4770 CPU @ 3.40GHz (family: 0x6, model: 0x3c, stepping: 0x3)
[    0.121122] Performance Events: unsupported p6 CPU model 60 no PMU driver, software events only.
[    0.122062] Hierarchical SRCU implementation.
[    0.123062] NMI watchdog: Perf event create on CPU 0 failed with -2
[    0.123740] NMI watchdog: Perf NMI watchdog permanently disabled
[    0.124036] smp: Bringing up secondary CPUs ...
[    0.124616] x86: Booting SMP configuration:
[    0.125061] .... node  #0, CPUs:      #1
[    0.004000] kvm-clock: cpu 1, msr 0:1ff44041, secondary cpu clock
[    0.128025] smp: Brought up 1 node, 2 CPUs
[    0.128598] smpboot: Max logical packages: 1
[    0.129189] smpboot: Total of 2 processors activated (13568.50 BogoMIPS)
[    0.130226] devtmpfs: initialized
[    0.130226] x86/mm: Memory block size: 128MB
[    0.130226] evm: security.selinux
[    0.132005] evm: security.SMACK64
[    0.132459] evm: security.SMACK64EXEC
[    0.132865] evm: security.SMACK64TRANSMUTE
[    0.133350] evm: security.SMACK64MMAP
[    0.133752] evm: security.apparmor
[    0.134153] evm: security.ima
[    0.134505] evm: security.capability
[    0.134955] clocksource: jiffies: mask: 0xffffffff max_cycles: 0xffffffff, max_idle_ns: 7645041785100000 ns
[    0.136011] futex hash table entries: 512 (order: 3, 32768 bytes)
[    0.136942] pinctrl core: initialized pinctrl subsystem
[    0.137652] RTC time:  9:19:37, date: 12/19/25
[    0.138303] NET: Registered protocol family 16
[    0.138890] audit: initializing netlink subsys (disabled)
[    0.139478] audit: type=2000 audit(1766135982.118:1): state=initialized audit_enabled=0 res=1
[    0.140007] cpuidle: using governor ladder
[    0.140512] cpuidle: using governor menu
[    0.141024] ACPI: bus type PCI registered
[    0.141563] acpiphp: ACPI Hot Plug PCI Controller Driver version: 0.5
[    0.142424] PCI: Using configuration type 1 for base access
[    0.144557] HugeTLB registered 2.00 MiB page size, pre-allocated 0 pages
[    0.144886] ACPI: Added _OSI(Module Device)
[    0.144886] ACPI: Added _OSI(Processor Device)
[    0.145125] ACPI: Added _OSI(3.0 _SCP Extensions)
[    0.145713] ACPI: Added _OSI(Processor Aggregator Device)
[    0.146431] ACPI: Added _OSI(Linux-Dell-Video)
[    0.148003] ACPI: Added _OSI(Linux-Lenovo-NV-HDMI-Audio)
[    0.148593] ACPI: Added _OSI(Linux-HPI-Hybrid-Graphics)
[    0.149374] ACPI: Executed 1 blocks of module-level executable AML code
[    0.152962] ACPI: Interpreter enabled
[    0.153506] ACPI: (supports S0 S5)
[    0.153982] ACPI: Using IOAPIC for interrupt routing
[    0.154994] PCI: Using host bridge windows from ACPI; if necessary, use "pci=nocrs" and report a bug
[    0.156000] ACPI: Enabled 2 GPEs in block 00 to 07
[    0.160821] ACPI: PCI Root Bridge [PCI0] (domain 0000 [bus 00-ff])
[    0.161707] acpi PNP0A03:00: _OSC: OS supports [ASPM ClockPM Segments MSI]
[    0.162884] acpi PNP0A03:00: _OSC: not requesting OS control; OS requires [ExtendedConfig ASPM ClockPM MSI]
[    0.164000] acpi PNP0A03:00: fail to add MMCONFIG information, can't access extended PCI configuration space under this bridge.
[    0.164337] PCI host bridge to bus 0000:00
[    0.164895] pci_bus 0000:00: root bus resource [io  0x0000-0x0cf7 window]
[    0.165785] pci_bus 0000:00: root bus resource [io  0x0d00-0xffff window]
[    0.168003] pci_bus 0000:00: root bus resource [mem 0x000a0000-0x000bffff window]
[    0.169795] pci_bus 0000:00: root bus resource [mem 0x20000000-0xfdffffff window]
[    0.170964] pci_bus 0000:00: root bus resource [bus 00-ff]
[    0.172781] pci 0000:00:01.1: legacy IDE quirk: reg 0x10: [io  0x01f0-0x01f7]
[    0.173598] pci 0000:00:01.1: legacy IDE quirk: reg 0x14: [io  0x03f6]
[    0.174354] pci 0000:00:01.1: legacy IDE quirk: reg 0x18: [io  0x0170-0x0177]
[    0.175161] pci 0000:00:01.1: legacy IDE quirk: reg 0x1c: [io  0x0376]
[    0.184168] pci 0000:00:07.0: quirk: [io  0x4000-0x403f] claimed by PIIX4 ACPI
[    0.185300] pci 0000:00:07.0: quirk: [io  0x4100-0x410f] claimed by PIIX4 SMB
[    0.192211] ACPI: PCI Interrupt Link [LNKA] (IRQs 5 9 10 *11)
[    0.193421] ACPI: PCI Interrupt Link [LNKB] (IRQs 5 9 *10 11)
[    0.194386] ACPI: PCI Interrupt Link [LNKC] (IRQs 5 *9 10 11)
[    0.195308] ACPI: PCI Interrupt Link [LNKD] (IRQs 5 9 10 *11)
[    0.196390] SCSI subsystem initialized
[    0.196913] pci 0000:00:02.0: vgaarb: setting as boot VGA device
[    0.196913] pci 0000:00:02.0: vgaarb: VGA device added: decodes=io+mem,owns=io+mem,locks=none
[    0.197614] pci 0000:00:02.0: vgaarb: bridge control possible
[    0.198261] vgaarb: loaded
[    0.198646] ACPI: bus type USB registered
[    0.200010] usbcore: registered new interface driver usbfs
[    0.200658] usbcore: registered new interface driver hub
[    0.201250] usbcore: registered new device driver usb
[    0.201835] EDAC MC: Ver: 3.0.0
[    0.201835] PCI: Using ACPI for IRQ routing
[    0.201835] NetLabel: Initializing
[    0.201835] NetLabel:  domain hash size = 128
[    0.204004] NetLabel:  protocols = UNLABELED CIPSOv4 CALIPSO
[    0.204654] NetLabel:  unlabeled traffic allowed by default
[    0.205275] clocksource: Switched to clocksource kvm-clock
[    0.212040] VFS: Disk quotas dquot_6.6.0
[    0.212040] VFS: Dquot-cache hash table entries: 512 (order 0, 4096 bytes)
[    0.212040] AppArmor: AppArmor Filesystem Enabled
[    0.212040] pnp: PnP ACPI init
[    0.212040] pnp: PnP ACPI: found 3 devices
[    0.223500] clocksource: acpi_pm: mask: 0xffffff max_cycles: 0xffffff, max_idle_ns: 2085701024 ns
[    0.224508] NET: Registered protocol family 2
[    0.224508] IP idents hash table entries: 8192 (order: 4, 65536 bytes)
[    0.225968] TCP established hash table entries: 4096 (order: 3, 32768 bytes)
[    0.226756] TCP bind hash table entries: 4096 (order: 4, 65536 bytes)
[    0.227472] TCP: Hash tables configured (established 4096 bind 4096)
[    0.228163] UDP hash table entries: 256 (order: 1, 8192 bytes)
[    0.228867] UDP-Lite hash table entries: 256 (order: 1, 8192 bytes)
[    0.229607] NET: Registered protocol family 1
[    0.229925] pci 0000:00:00.0: Limiting direct PCI/PCI transfers
[    0.229925] pci 0000:00:01.0: Activating ISA DMA hang workarounds
[    0.229925] pci 0000:00:02.0: Video device with shadowed ROM at [mem 0x000c0000-0x000dffff]
[    0.229925] Unpacking initramfs...
[    0.229925] Freeing initrd memory: 19528K
[    0.229925] clocksource: tsc: mask: 0xffffffffffffffff max_cycles: 0x30e54090027, max_idle_ns: 440795236407 ns
[    0.229925] platform rtc_cmos: registered platform RTC device (no PNP device found)
[    0.229925] Scanning for low memory corruption every 60 seconds
[    0.445877] Initialise system trusted keyrings
[    0.446501] Key type blacklist registered
[    0.446993] workingset: timestamp_bits=36 max_order=17 bucket_order=0
[    0.448454] zbud: loaded
[    0.449167] squashfs: version 4.0 (2009/01/31) Phillip Lougher
[    0.449990] fuse init (API version 7.26)
[    0.452333] Key type asymmetric registered
[    0.453062] Asymmetric key parser 'x509' registered
[    0.453893] Block layer SCSI generic (bsg) driver version 0.4 loaded (major 246)
[    0.455080] io scheduler noop registered
[    0.455826] io scheduler deadline registered
[    0.456579] io scheduler cfq registered (default)
[    0.457743] ACPI: AC Adapter [AC] (on-line)
[    0.458534] input: Power Button as /devices/LNXSYSTM:00/LNXPWRBN:00/input/input0
[    0.459920] ACPI: Power Button [PWRF]
[    0.460586] input: Sleep Button as /devices/LNXSYSTM:00/LNXSLPBN:00/input/input1
[    0.461691] ACPI: Sleep Button [SLPF]
[    0.462498] Serial: 8250/16550 driver, 32 ports, IRQ sharing enabled
[    0.483841] 00:02: ttyS0 at I/O 0x3f8 (irq = 4, base_baud = 115200) is a 16550A
[    0.486668] Linux agpgart interface v0.103
[    0.488145] loop: module loaded
[    0.488936] scsi host0: ata_piix
[    0.489453] scsi host1: ata_piix
[    0.489863] ata1: PATA max UDMA/33 cmd 0x1f0 ctl 0x3f6 bmdma 0xd000 irq 14
[    0.490589] ata2: PATA max UDMA/33 cmd 0x170 ctl 0x376 bmdma 0xd008 irq 15
[    0.491315] tun: Universal TUN/TAP device driver, 1.6
[    0.492027] PPP generic driver version 2.4.2
[    0.492900] ehci_hcd: USB 2.0 'Enhanced' Host Controller (EHCI) Driver
[    0.493983] ehci-pci: EHCI PCI platform driver
[    0.494745] ehci-platform: EHCI generic platform driver
[    0.495605] ohci_hcd: USB 1.1 'Open' Host Controller (OHCI) Driver
[    0.496583] ohci-pci: OHCI PCI platform driver
[    0.497319] ohci-platform: OHCI generic platform driver
[    0.498177] uhci_hcd: USB Universal Host Controller Interface driver
[    0.499183] i8042: PNP: PS/2 Controller [PNP0303:PS2K,PNP0f03:PS2M] at 0x60,0x64 irq 1,12
[    0.500767] serio: i8042 KBD port at 0x60,0x64 irq 1
[    0.501604] serio: i8042 AUX port at 0x60,0x64 irq 12
[    0.502614] mousedev: PS/2 mouse device common for all mice
[    0.503854] input: AT Translated Set 2 keyboard as /devices/platform/i8042/serio0/input/input2
[    0.505331] rtc_cmos rtc_cmos: rtc core: registered rtc_cmos as rtc0
[    0.506382] rtc_cmos rtc_cmos: alarms up to one day, 114 bytes nvram
[    0.507375] i2c /dev entries driver
[    0.508003] device-mapper: uevent: version 1.0.3
[    0.508884] device-mapper: ioctl: 4.37.0-ioctl (2017-09-20) initialised: dm-devel@redhat.com
[    0.510227] ledtrig-cpu: registered to indicate activity on CPUs
[    0.511505] NET: Registered protocol family 10
[    0.515035] Segment Routing with IPv6
[    0.515750] NET: Registered protocol family 17
[    0.516577] Key type dns_resolver registered
[    0.517444] mce: Using 0 MCE banks
[    0.518077] RAS: Correctable Errors collector initialized.
[    0.519017] sched_clock: Marking stable (517424469, 0)->(619584494, -102160025)
[    0.520664] registered taskstats version 1
[    0.521423] Loading compiled-in X.509 certificates
[    0.523981] Loaded X.509 cert 'Build time autogenerated kernel key: b5b26778eaa3ab3a4a6cee031137706e947d12ad'
[    0.526004] Loaded X.509 cert 'Canonical Ltd. Live Patch Signing: 14df34d1a87cf37625abec039ef2bf521249b969'
[    0.527938] Loaded X.509 cert 'Canonical Ltd. Kernel Module Signing: 88f752e560a1e0737e31163a466ad7b70a850c19'
[    0.529416] blacklist: Loading compiled-in revocation X.509 certificates
[    0.530441] Loaded X.509 cert 'Canonical Ltd. Secure Boot Signing: 61482aa2830d0ab2ad5af10b7250da9033ddcef0'
[    0.531946] Loaded X.509 cert 'Canonical Ltd. Secure Boot Signing (2017): 242ade75ac4a15e50d50c84b0d45ff3eae707a03'
[    0.533512] Loaded X.509 cert 'Canonical Ltd. Secure Boot Signing (ESM 2018): 365188c1d374d6b07c3c8f240f8ef722433d6a8b'
[    0.535151] Loaded X.509 cert 'Canonical Ltd. Secure Boot Signing (2019): c0746fd6c5da3ae827864651ad66ae47fe24b3e8'
[    0.536778] Loaded X.509 cert 'Canonical Ltd. Secure Boot Signing (2021 v1): a8d54bbb3825cfb94fa13c9f8a594a195c107b8d'
[    0.538480] Loaded X.509 cert 'Canonical Ltd. Secure Boot Signing (2021 v2): 4cf046892d6fd3c9a5b03f98d845f90851dc6a8c'
[    0.540149] Loaded X.509 cert 'Canonical Ltd. Secure Boot Signing (2021 v3): 100437bb6de6e469b581e61cd66bce3ef4ed53af'
[    0.541848] Loaded X.509 cert 'Canonical Ltd. Secure Boot Signing (Ubuntu Core 2019): c1d57b8f6b743f23ee41f4f7ee292f06eecadfb9'
[    0.543591] zswap: loaded using pool lzo/zbud
[    0.547200] Key type big_key registered
[    0.547997] Key type trusted registered
[    0.550089] Key type encrypted registered
[    0.550828] AppArmor: AppArmor sha1 policy hashing enabled
[    0.551767] ima: No TPM chip found, activating TPM-bypass! (rc=-19)
[    0.552787] ima: Allocated hash algorithm: sha1
[    0.553547] evm: HMAC attrs: 0x1
[    0.554265]   Magic number: 5:689:323
[    0.554902] tty tty48: hash matches
[    0.555584] rtc_cmos rtc_cmos: setting system clock to 2025-12-19 09:19:37 UTC (1766135977)
[    0.556950] BIOS EDD facility v0.16 2004-Jun-25, 0 devices found
[    0.557882] EDD information not available.
[    0.674488] Freeing unused kernel image memory: 2480K
[    0.865021] Write protecting the kernel read-only data: 20480k
[    0.867926] Freeing unused kernel image memory: 2008K
[    0.870124] Freeing unused kernel image memory: 1820K
[    0.884140] x86/mm: Checked W+X mappings: passed, no W+X pages found.
[    0.886034] x86/mm: Checking user space page tables
[    0.899807] x86/mm: Checked W+X mappings: passed, no W+X pages found.
Loading, please wait...
starting version 237
[    1.031794] e1000: Intel(R) PRO/1000 Network Driver - version 7.3.21-k8-NAPI
[    1.032935] e1000: Copyright (c) 1999-2006 Intel Corporation.
[    1.047598] Fusion MPT base driver 3.04.20
[    1.048389] Copyright (c) 1999-2008 LSI Corporation
[    1.058137] AVX2 version of gcm_enc/dec engaged.
[    1.058884] AES CTR mode by8 optimization enabled
[    1.061521] Fusion MPT SPI Host driver 3.04.20
[    1.280512] input: ImExPS/2 Generic Explorer Mouse as /devices/platform/i8042/serio1/input/input4
[    1.755342] e1000 0000:00:03.0 eth0: (PCI:33MHz:32-bit) 02:3b:7b:b7:3b:2d
[    1.756451] e1000 0000:00:03.0 eth0: Intel(R) PRO/1000 Network Connection
[    2.264259] e1000 0000:00:08.0 eth1: (PCI:33MHz:32-bit) 08:00:27:6d:5b:b1
[    2.265422] e1000 0000:00:08.0 eth1: Intel(R) PRO/1000 Network Connection
[    2.272023] e1000 0000:00:03.0 enp0s3: renamed from eth0
[    2.277449] mptbase: ioc0: Initiating bringup
[    2.313050] e1000 0000:00:08.0 enp0s8: renamed from eth1
[    2.796505] ioc0: LSI53C1030 A0: Capabilities={Initiator}
[    5.349832] scsi host2: ioc0: LSI53C1030 A0, FwRev=00000000h, Ports=1, MaxQ=256, IRQ=20
[    7.168445] scsi 2:0:0:0: Direct-Access     VBOX     HARDDISK         1.0  PQ: 0 ANSI: 5
[    7.212531] scsi target2:0:0: Beginning Domain Validation
[    7.221242] scsi target2:0:0: Domain Validation skipping write tests
[    7.224503] scsi target2:0:0: Ending Domain Validation
[    7.227423] scsi target2:0:0: asynchronous
[    7.232880] scsi 2:0:1:0: Direct-Access     VBOX     HARDDISK         1.0  PQ: 0 ANSI: 5
[    7.264453] scsi target2:0:1: Beginning Domain Validation
[    7.296823] scsi target2:0:1: Domain Validation skipping write tests
[    7.301774] scsi target2:0:1: Ending Domain Validation
[    7.305039] scsi target2:0:1: asynchronous
[    7.323675] sd 2:0:0:0: Attached scsi generic sg0 type 0
[    7.324414] sd 2:0:0:0: [sda] 83886080 512-byte logical blocks: (42.9 GB/40.0 GiB)
[    7.330736] sd 2:0:1:0: Attached scsi generic sg1 type 0
[    7.333233] sd 2:0:0:0: [sda] Write Protect is off
[    7.340654] sd 2:0:0:0: [sda] Incomplete mode parameter data
[    7.343757] sd 2:0:0:0: [sda] Assuming drive cache: write through
[    7.343852] sd 2:0:1:0: [sdb] 20480 512-byte logical blocks: (10.5 MB/10.0 MiB)
[    7.354154] sd 2:0:1:0: [sdb] Write Protect is off
[    7.359160] sd 2:0:1:0: [sdb] Incomplete mode parameter data
[    7.363641] sd 2:0:1:0: [sdb] Assuming drive cache: write through
[    7.371700]  sda: sda1
[    7.375409] sd 2:0:0:0: [sda] Attached SCSI disk
[    7.381826] sd 2:0:1:0: [sdb] Attached SCSI disk
Begin: Loading essential drivers ... [    9.064166] raid6: sse2x1   gen() 11082 MB/s
[    9.119832] raid6: sse2x1   xor() 10512 MB/s
[    9.168302] raid6: sse2x2   gen() 15418 MB/s
[    9.224068] raid6: sse2x2   xor() 11871 MB/s
[    9.272778] raid6: sse2x4   gen() 18675 MB/s
[    9.324007] raid6: sse2x4   xor() 12401 MB/s
[    9.379875] raid6: avx2x1   gen() 30002 MB/s
[    9.435731] raid6: avx2x1   xor() 20354 MB/s
[    9.495644] raid6: avx2x2   gen() 35887 MB/s
[    9.547762] raid6: avx2x2   xor() 19456 MB/s
[    9.596006] raid6: avx2x4   gen() 32916 MB/s
[    9.671830] raid6: avx2x4   xor() 26705 MB/s
[    9.672449] raid6: using algorithm avx2x2 gen() 35887 MB/s
[    9.673066] raid6: .... xor() 19456 MB/s, rmw enabled
[    9.673625] raid6: using avx2x2 recovery algorithm
[    9.675451] xor: automatically using best checksumming function   avx       
[    9.677465] async_tx: api initialized (async)
done.
Begin: Running /scripts/init-premount ... done.
Begin: Mounting root file system ... Begin: Running /scripts/local-top ... done.
Begin: Running /scripts/local-premount ... [    9.711933] Btrfs loaded, crc32c=crc32c-intel
Scanning for Btrfs filesystems
done.
Warning: fsck not present, so skipping root file system
[    9.741008] EXT4-fs (sda1): mounted filesystem with ordered data mode. Opts: (null)
done.
Begin: Running /scripts/local-bottom ... done.
Begin: Running /scripts/init-bottom ... done.
[    9.901644] ip_tables: (C) 2000-2006 Netfilter Core Team
[    9.916906] systemd[1]: systemd 237 running in system mode. (+PAM +AUDIT +SELINUX +IMA +APPARMOR +SMACK +SYSVINIT +UTMP +LIBCRYPTSETUP +GCRYPT +GNUTLS +ACL +XZ +LZ4 +SECCOMP +BLKID +ELFUTILS +KMOD -IDN2 +IDN -PCRE2 default-hierarchy=hybrid)
[    9.922730] systemd[1]: Detected virtualization oracle.
[    9.924243] systemd[1]: Detected architecture x86-64.

Welcome to [1mUbuntu 18.04.6 LTS[0m!

[    9.933705] systemd[1]: Set hostname to <ubuntu>.
[    9.937882] systemd[1]: Initializing machine ID from random generator.
[    9.939393] systemd[1]: Installed transient /etc/machine-id file.
[   10.359853] systemd[1]: Reached target User and Group Name Lookups.
[[0;32m  OK  [0m] Reached target User and Group Name Lookups.
[   10.365492] systemd[1]: Reached target Mounting snaps.
[[0;32m  OK  [0m] Reached target Mounting snaps.
[   10.369683] systemd[1]: Reached target Mounted snaps.
[[0;32m  OK  [0m] Reached target Mounted snaps.
[   10.379228] systemd[1]: Created slice System Slice.
[[0;32m  OK  [0m] Created slice System Slice.
[[0;32m  OK  [0m] Listening on fsck to fsckd communication Socket.
[[0;32m  OK  [0m] Listening on Journal Audit Socket.
[[0;32m  OK  [0m] Listening on udev Control Socket.
[[0;32m  OK  [0m] Listening on /dev/initctl Compatibility Named Pipe.
[[0;32m  OK  [0m] Listening on Network Service Netlink Socket.
[[0;32m  OK  [0m] Set up automount Arbitrary Executab…rmats File System Automount Point.
[[0;32m  OK  [0m] Listening on LVM2 poll daemon socket.
[[0;32m  OK  [0m] Created slice system-serial\x2dgetty.slice.
[[0;32m  OK  [0m] Created slice User and Session Slice.
[[0;32m  OK  [0m] Reached target Slices.
[[0;32m  OK  [0m] Listening on Journal Socket (/dev/log).
[[0;32m  OK  [0m] Reached target Swap.
[[0;32m  OK  [0m] Listening on LVM2 metadata daemon socket.
[[0;32m  OK  [0m] Listening on udev Kernel Socket.
[[0;32m  OK  [0m] Listening on Syslog Socket.
[[0;32m  OK  [0m] Listening on Journal Socket.
         Starting Uncomplicated firewall...
         Starting Create list of required st…ce nodes for the current kernel...
         Mounting POSIX Message Queue File System...
         Starting Load Kernel Modules...
         Starting Set the console keyboard layout...
         Mounting Kernel Debug File System...
         Starting udev Coldplug all Devices...
[   10.459498] Loading iSCSI transport class v2.0-870.
         Mounting Huge Pages File System...
         Starting File System Check on Root Device...
         Starting Journal Service...
[[0;32m  OK  [0m] Reached target System Time Synchronized.
[[0;32m  OK  [0m] Started Forward Password Requests to Wall Directory Watch.
[[0;32m  OK  [0m] Listening on Device-mapper event daemon FIFOs.
         Starting Monitoring of LVM2 mirrors…ng dmeventd or progress polling...
[[0;32m  OK  [0m] Started Uncomplicated firewall.
[[0;32m  OK  [0m] Started Create list of required sta…vice nodes for the current kernel.
[[0;32m  OK  [0m] Mounted POSIX Message Queue File System.
[[0;32m  OK  [0m] Mounted Kernel Debug File System.
[   10.521328] iscsi: registered transport (tcp)
[[0;32m  OK  [0m] Mounted Huge Pages File System.
         Starting Create Static Device Nodes in /dev...
[[0;32m  OK  [0m] Started File System Check Daemon to report status.
[[0;32m  OK  [0m] Started udev Coldplug all Devices.
[[0;32m  OK  [0m] Started Journal Service.
[[0;32m  OK  [0m] Started LVM2 metadata daemon.
[[0;32m  OK  [0m] Started Create Static Device Nodes in /dev.
[[0;32m  OK  [0m] Started File System Check on Root Device.
         Starting Remount Root and Kernel File Systems...
[   10.661372] iscsi: registered transport (iser)
[[0;32m  OK  [0m] Started Load Kernel Modules.
         Mounting FUSE Control File System...
         Mounting Kernel Configuration File System...
         Starting Apply Kernel Variables...
[[0;32m  OK  [0m] Mounted FUSE Control File System.
[[0;32m  OK  [0m] Mounted Kernel Configuration File System.
[[0;32m  OK  [0m] Started Remount Root and Kernel File Systems.
         Starting Load/Save Random Seed...
         Starting Flush Journal to Persistent Storage...
         Starting udev Kernel Device Manager...
[[0;32m  OK  [0m] Started Monitoring of LVM2 mirrors,…sing dmeventd or progress polling.
[[0;32m  OK  [0m] Started Apply Kernel Variables.
[[0;32m  OK  [0m] Started Load/Save Random Seed.
[[0;32m  OK  [0m] Started udev Kernel Device Manager.
[[0;32m  OK  [0m] Started Flush Journal to Persistent Storage.
[[0;32m  OK  [0m] Found device /dev/ttyS0.
[[0;32m  OK  [0m] Listening on Load/Save RF Kill Switch Status /dev/rfkill Watch.
         Mounting Arbitrary Executable File Formats File System...
[[0;32m  OK  [0m] Mounted Arbitrary Executable File Formats File System.
[[0;32m  OK  [0m] Started Set the console keyboard layout.
[[0;32m  OK  [0m] Reached target Local File Systems (Pre).
[[0;32m  OK  [0m] Reached target Local File Systems.
         Starting AppArmor initialization...
         Starting Create Volatile Files and Directories...
         Starting Tell Plymouth To Write Out Runtime Data...
         Starting ebtables ruleset management...
         Starting Commit a transient machine-id on disk...
         Starting Set console font and keymap...
[[0;32m  OK  [0m] Started Dispatch Password Requests to Console Directory Watch.
[[0;32m  OK  [0m] Reached target Local Encrypted Volumes.
[[0;32m  OK  [0m] Started Tell Plymouth To Write Out Runtime Data.
[[0;32m  OK  [0m] Started Create Volatile Files and Directories.
         Starting Update UTMP about System Boot/Shutdown...
[[0;32m  OK  [0m] Started Update UTMP about System Boot/Shutdown.
[[0;32m  OK  [0m] Started Commit a transient machine-id on disk.
[[0;32m  OK  [0m] Started ebtables ruleset management.
[[0;32m  OK  [0m] Started AppArmor initialization.
         Starting Initial cloud-init job (pre-networking)...
         Starting Load AppArmor profiles managed internally by snapd...
[[0;32m  OK  [0m] Started Load AppArmor profiles managed internally by snapd.
[[0;32m  OK  [0m] Started Set console font and keymap.
[   13.652596] cloud-init[852]: Cloud-init v. 23.1.2-0ubuntu0~18.04.1 running 'init-local' at Fri, 19 Dec 2025 09:19:50 +0000. Up 13.33 seconds.
[[0;32m  OK  [0m] Started Initial cloud-init job (pre-networking).
[[0;32m  OK  [0m] Reached target Network (Pre).
         Starting Network Service...
[[0;32m  OK  [0m] Started Network Service.
         Starting Wait for Network to be Configured...
         Starting Network Name Resolution...
[[0;32m  OK  [0m] Started Network Name Resolution.
[[0;32m  OK  [0m] Reached target Network.
[[0;32m  OK  [0m] Reached target Host and Network Name Lookups.
[[0;32m  OK  [0m] Started Wait for Network to be Configured.
         Starting Initial cloud-init job (metadata service crawler)...
[   15.345229] cloud-init[1013]: Cloud-init v. 23.1.2-0ubuntu0~18.04.1 running 'init' at Fri, 19 Dec 2025 09:19:52 +0000. Up 15.23 seconds.
[   15.346474] cloud-init[1013]: ci-info: ++++++++++++++++++++++++++++++++++++++Net device info+++++++++++++++++++++++++++++++++++++++
[   15.347118] cloud-init[1013]: ci-info: +--------+-------+----------------------------+---------------+--------+-------------------+
[   15.348029] cloud-init[1013]: ci-info: | Device |   Up  |          Address           |      Mask     | Scope  |     Hw-Address    |
[   15.348866] cloud-init[1013]: ci-info: +--------+-------+----------------------------+---------------+--------+-------------------+
[   15.349535] cloud-init[1013]: ci-info: | enp0s3 |  True |         10.0.2.15          | 255.255.255.0 | global | 02:3b:7b:b7:3b:2d |
[   15.350361] cloud-init[1013]: ci-info: | enp0s3 |  True | fd00::3b:7bff:feb7:3b2d/64 |       .       | global | 02:3b:7b:b7:3b:2d |
[   15.351085] cloud-init[1013]: ci-info: | enp0s3 |  True | fe80::3b:7bff:feb7:3b2d/64 |       .       |  link  | 02:3b:7b:b7:3b:2d |
[   15.352097] cloud-init[1013]: ci-info: | enp0s8 | False |             .              |       .       |   .    | 08:00:27:6d:5b:b1 |
[   15.352985] cloud-init[1013]: ci-info: |   lo   |  True |         127.0.0.1          |   255.0.0.0   |  host  |         .         |
[   15.353864] cloud-init[1013]: ci-info: |   lo   |  True |          ::1/128           |       .       |  host  |         .         |
[   15.354850] cloud-init[1013]: ci-info: +--------+-------+----------------------------+---------------+--------+-------------------+
[   15.355702] cloud-init[1013]: ci-info: ++++++++++++++++++++++++++++Route IPv4 info+++++++++++++++++++++++++++++
[   15.356547] cloud-init[1013]: ci-info: +-------+-------------+----------+-----------------+-----------+-------+
[   15.357404] cloud-init[1013]: ci-info: | Route | Destination | Gateway  |     Genmask     | Interface | Flags |
[   15.358174] cloud-init[1013]: ci-info: +-------+-------------+----------+-----------------+-----------+-------+
[   15.358856] cloud-init[1013]: ci-info: |   0   |   0.0.0.0   | 10.0.2.2 |     0.0.0.0     |   enp0s3  |   UG  |
[   15.359551] cloud-init[1013]: ci-info: |   1   |   10.0.2.0  | 0.0.0.0  |  255.255.255.0  |   enp0s3  |   U   |
[   15.360506] cloud-init[1013]: ci-info: |   2   |   10.0.2.2  | 0.0.0.0  | 255.255.255.255 |   enp0s3  |   UH  |
[   15.361295] cloud-init[1013]: ci-info: +-------+-------------+----------+-----------------+-----------+-------+
[   15.361977] cloud-init[1013]: ci-info: +++++++++++++++++++Route IPv6 info+++++++++++++++++++
[   15.362727] cloud-init[1013]: ci-info: +-------+-------------+---------+-----------+-------+
[   15.363289] cloud-init[1013]: ci-info: | Route | Destination | Gateway | Interface | Flags |
[   15.364028] cloud-init[1013]: ci-info: +-------+-------------+---------+-----------+-------+
[   15.364669] cloud-init[1013]: ci-info: |   1   |  fd00::/64  |    ::   |   enp0s3  |   U   |
[   15.365368] cloud-init[1013]: ci-info: |   2   |  fe80::/64  |    ::   |   enp0s3  |   U   |
[   15.365940] cloud-init[1013]: ci-info: |   3   |     ::/0    | fe80::2 |   enp0s3  |   UG  |
[   15.366498] cloud-init[1013]: ci-info: |   5   |    local    |    ::   |   enp0s3  |   U   |
[   15.367288] cloud-init[1013]: ci-info: |   6   |   ff00::/8  |    ::   |   enp0s3  |   U   |
[   15.367833] cloud-init[1013]: ci-info: +-------+-------------+---------+-----------+-------+
[   16.013642] cloud-init[1013]: Generating public/private rsa key pair.
[   16.014201] cloud-init[1013]: Your identification has been saved in /etc/ssh/ssh_host_rsa_key.
[   16.014929] cloud-init[1013]: Your public key has been saved in /etc/ssh/ssh_host_rsa_key.pub.
[   16.015700] cloud-init[1013]: The key fingerprint is:
[   16.016266] cloud-init[1013]: SHA256:TgJSvCVeRh5J25vYtVGbr5UReswcGdFnX0VZH/Mc5FA root@ubuntu-bionic
[   16.017044] cloud-init[1013]: The key's randomart image is:
[   16.017649] cloud-init[1013]: +---[RSA 2048]----+
[   16.018133] cloud-init[1013]: |   ..o+.    ..BEB|
[   16.018637] cloud-init[1013]: |   .o.=+   . B+=@|
[   16.019103] cloud-init[1013]: |  ...*o . o + *oB|
[   16.019592] cloud-init[1013]: |   .o. o + o o o.|
[   16.020071] cloud-init[1013]: |      o S .   +  |
[   16.020617] cloud-init[1013]: |       +     o   |
[   16.021088] cloud-init[1013]: |        .   .    |
[   16.021594] cloud-init[1013]: |                 |
[   16.022005] cloud-init[1013]: |                 |
[   16.022532] cloud-init[1013]: +----[SHA256]-----+
[   16.023002] cloud-init[1013]: Generating public/private dsa key pair.
[   16.023614] cloud-init[1013]: Your identification has been saved in /etc/ssh/ssh_host_dsa_key.
[   16.024406] cloud-init[1013]: Your public key has been saved in /etc/ssh/ssh_host_dsa_key.pub.
[   16.024996] cloud-init[1013]: The key fingerprint is:
[   16.025502] cloud-init[1013]: SHA256:pkz45200tSgY07S8qWdTmaW8BBsCtjdlwSGtYaFbpbI root@ubuntu-bionic
[   16.026266] cloud-init[1013]: The key's randomart image is:
[   16.026817] cloud-init[1013]: +---[DSA 1024]----+
[   16.027278] cloud-init[1013]: |      o++o       |
[   16.027750] cloud-init[1013]: |    o.o+*        |
[   16.028265] cloud-init[1013]: |   .o+oO .       |
[   16.028750] cloud-init[1013]: |    .*B *   o    |
[   16.029197] cloud-init[1013]: |    E..*SB B .   |
[   16.029692] cloud-init[1013]: |     +.o= @ .    |
[   16.030156] cloud-init[1013]: |      +..= o     |
[   16.030637] cloud-init[1013]: |      .o+.o      |
[   16.031103] cloud-init[1013]: |       o.o.      |
[   16.031558] cloud-init[1013]: +----[SHA256]-----+
[   16.032025] cloud-init[1013]: Generating public/private ecdsa key pair.
[   16.032683] cloud-init[1013]: Your identification has been saved in /etc/ssh/ssh_host_ecdsa_key.
[   16.033447] cloud-init[1013]: Your public key has been saved in /etc/ssh/ssh_host_ecdsa_key.pub.
[   16.034123] cloud-init[1013]: The key fingerprint is:
[   16.034650] cloud-init[1013]: SHA256:38O9NzXFQ15sLWeHW0N5B9Htebyg4B2lqek/I6HWSek root@ubuntu-bionic
[   16.035438] cloud-init[1013]: The key's randomart image is:
[   16.035971] cloud-init[1013]: +---[ECDSA 256]---+
[   16.036518] cloud-init[1013]: |              +B+|
[   16.036992] cloud-init[1013]: |             .o+#|
[   16.037640] cloud-init[1013]: |            + o@B|
[   16.037959] cloud-init[1013]: |         . + ..+*|
[   16.038276] cloud-init[1013]: |        S * o . =|
[   16.038738] cloud-init[1013]: |         O = . o.|
[   16.039236] cloud-init[1013]: |        * + + . o|
[   16.039736] cloud-init[1013]: |       o E o . o.|
[   16.040270] cloud-init[1013]: |      .   o.o ...|
[   16.040766] cloud-init[1013]: +----[SHA256]-----+
[   16.041255] cloud-init[1013]: Generating public/private ed25519 key pair.
[   16.041881] cloud-init[1013]: Your identification has been saved in /etc/ssh/ssh_host_ed25519_key.
[   16.042661] cloud-init[1013]: Your public key has been saved in /etc/ssh/ssh_host_ed25519_key.pub.
[   16.043461] cloud-init[1013]: The key fingerprint is:
[   16.044008] cloud-init[1013]: SHA256:k7AA1I5ZviF5E5cJ6xyML5XbUebD1z0j91HkwHHpdVA root@ubuntu-bionic
[   16.044820] cloud-init[1013]: The key's randomart image is:
[   16.045389] cloud-init[1013]: +--[ED25519 256]--+
[   16.045860] cloud-init[1013]: | .o... oo    .+=E|
[   16.046377] cloud-init[1013]: |   ++o+=   . ..=+|
[   16.046850] cloud-init[1013]: |  .BBoo + . o *.+|
[   16.047376] cloud-init[1013]: |  ==*= + +   o =.|
[   16.047887] cloud-init[1013]: |  .o=+o S       .|
[   16.048438] cloud-init[1013]: |   ..    .       |
[   16.048932] cloud-init[1013]: |                 |
[   16.049449] cloud-init[1013]: |                 |
[   16.049953] cloud-init[1013]: |                 |
[   16.050467] cloud-init[1013]: +----[SHA256]-----+
[[0;32m  OK  [0m] Started Initial cloud-init job (metadata service crawler).
[[0;32m  OK  [0m] Reached target Network is Online.
         Starting Availability of block devices...
[[0;32m  OK  [0m] Reached target Remote File Systems (Pre).
[[0;32m  OK  [0m] Reached target Remote File Systems.
[[0;32m  OK  [0m] Reached target Cloud-config availability.
[[0;32m  OK  [0m] Reached target System Initialization.
[[0;32m  OK  [0m] Listening on Open-iSCSI iscsid Socket.
[[0;32m  OK  [0m] Started Discard unused blocks once a week.
         Starting LXD - unix socket.
[[0;32m  OK  [0m] Started ACPI Events Check.
[[0;32m  OK  [0m] Listening on UUID daemon activation socket.
[[0;32m  OK  [0m] Started Daily Cleanup of Temporary Directories.
[[0;32m  OK  [0m] Started Message of the Day.
         Starting Socket activation for snappy daemon.
[[0;32m  OK  [0m] Listening on ACPID Listen Socket.
[[0;32m  OK  [0m] Started Daily apt download activities.
[[0;32m  OK  [0m] Started Daily apt upgrade and clean activities.
[[0;32m  OK  [0m] Listening on D-Bus System Message Bus Socket.
[[0;32m  OK  [0m] Started Ubuntu Advantage Timer for running repeated jobs.
[[0;32m  OK  [0m] Reached target Timers.
[[0;32m  OK  [0m] Reached target Paths.
[[0;32m  OK  [0m] Listening on cloud-init hotplug hook socket.
[[0;32m  OK  [0m] Started Availability of block devices.
[[0;32m  OK  [0m] Listening on LXD - unix socket.
[[0;32m  OK  [0m] Listening on Socket activation for snappy daemon.
[[0;32m  OK  [0m] Reached target Sockets.
[[0;32m  OK  [0m] Reached target Basic System.
[[0;32m  OK  [0m] Started FUSE filesystem for LXC.
         Starting LSB: Record successful boot for GRUB...
[[0;32m  OK  [0m] Started Deferred execution scheduler.
         Starting Login Service...
[[0;32m  OK  [0m] Started irqbalance daemon.
         Starting Accounts Service...
[[0;32m  OK  [0m] Started Regular background program processing daemon.
         Starting LXD - container startup/shutdown...
         Starting LSB: automatic crash report generation...
         Starting Snap Daemon...
[[0;32m  OK  [0m] Reached target Login Prompts (Pre).
         Starting Pollinate to seed the pseudo random number generator...
         Starting Permit User Sessions...
         Starting System Logging Service...
         Starting Virtualbox guest utils...
[[0;32m  OK  [0m] Started D-Bus System Message Bus.
[[0;32m  OK  [0m] Started Login Service.
[[0;32m  OK  [0m] Started Unattended Upgrades Shutdown.
         Starting Dispatcher daemon for systemd-networkd...
[[0;32m  OK  [0m] Started System Logging Service.
[[0;32m  OK  [0m] Started Permit User Sessions.
[[0;32m  OK  [0m] Started LSB: automatic crash report generation.
         Starting Authorization Manager...
         Starting Hostname Service...
         Starting Hold until boot process finishes up...
         Starting Terminate Plymouth Boot Screen...
[[0;32m  OK  [0m] Started Hold until boot process finishes up.
[[0;32m  OK  [0m] Started Serial Getty on ttyS0.
         Starting Set console scheme...
[[0;32m  OK  [0m] Started Terminate Plymouth Boot Screen.
[[0;32m  OK  [0m] Started LSB: Record successful boot for GRUB.
[[0;32m  OK  [0m] Started LXD - container startup/shutdown.
[[0;32m  OK  [0m] Started Authorization Manager.
[[0;32m  OK  [0m] Started Accounts Service.
[[0;32m  OK  [0m] Started Set console scheme.
[[0;32m  OK  [0m] Created slice system-getty.slice.
[[0;32m  OK  [0m] Started Getty on tty1.
[[0;32m  OK  [0m] Reached target Login Prompts.
[[0;32m  OK  [0m] Started Hostname Service.
[[0;32m  OK  [0m] Started Virtualbox guest utils.
[[0;32m  OK  [0m] Started Dispatcher daemon for systemd-networkd.
[[0;32m  OK  [0m] Started Snap Daemon.
         Starting Wait until snapd is fully seeded...
[[0;32m  OK  [0m] Started Pollinate to seed the pseudo random number generator.
         Starting OpenBSD Secure Shell server...
[[0;32m  OK  [0m] Started OpenBSD Secure Shell server.
         Starting Time & Date Service...
[[0;32m  OK  [0m] Started Time & Date Service.
[[0;32m  OK  [0m] Created slice User Slice of vagrant.
[[0;32m  OK  [0m] Started Session 1 of user vagrant.
         Starting User Manager for UID 1000...
[[0;32m  OK  [0m] Started User Manager for UID 1000.
[[0;32m  OK  [0m] Started Wait until snapd is fully seeded.
         Starting Apply the settings specified in cloud-config...
[   20.852112] cloud-init[1638]: Cloud-init v. 23.1.2-0ubuntu0~18.04.1 running 'modules:config' at Fri, 19 Dec 2025 09:19:57 +0000. Up 20.22 seconds.
[[0;32m  OK  [0m] Started Apply the settings specified in cloud-config.
[[0;32m  OK  [0m] Reached target Multi-User System.
[[0;32m  OK  [0m] Reached target Graphical Interface.
         Starting Update UTMP about System Runlevel Changes...
         Starting Execute cloud user/final scripts...
[[0;32m  OK  [0m] Started Update UTMP about System Runlevel Changes.
ci-info: no authorized SSH keys fingerprints found for user ubuntu.
<14>Dec 19 09:19:58 cloud-init: #############################################################
<14>Dec 19 09:19:58 cloud-init: -----BEGIN SSH HOST KEY FINGERPRINTS-----
<14>Dec 19 09:19:58 cloud-init: 1024 SHA256:pkz45200tSgY07S8qWdTmaW8BBsCtjdlwSGtYaFbpbI root@ubuntu-bionic (DSA)
<14>Dec 19 09:19:58 cloud-init: 256 SHA256:38O9NzXFQ15sLWeHW0N5B9Htebyg4B2lqek/I6HWSek root@ubuntu-bionic (ECDSA)
<14>Dec 19 09:19:58 cloud-init: 256 SHA256:k7AA1I5ZviF5E5cJ6xyML5XbUebD1z0j91HkwHHpdVA root@ubuntu-bionic (ED25519)
<14>Dec 19 09:19:58 cloud-init: 2048 SHA256:TgJSvCVeRh5J25vYtVGbr5UReswcGdFnX0VZH/Mc5FA root@ubuntu-bionic (RSA)
<14>Dec 19 09:19:58 cloud-init: -----END SSH HOST KEY FINGERPRINTS-----
<14>Dec 19 09:19:58 cloud-init: #############################################################
-----BEGIN SSH HOST KEY KEYS-----
ecdsa-sha2-nistp256 AAAAE2VjZHNhLXNoYTItbmlzdHAyNTYAAAAIbmlzdHAyNTYAAABBBLSK40USnM2KEBjHkcqGwm5D8ub5JX0w3ElB5NzZ1u/EU0PKOZInnNBs0I/QFHe9LChyMfHyZGrFnuh5Vw+y3ng= root@ubuntu-bionic
ssh-ed25519 AAAAC3NzaC1lZDI1NTE5AAAAINQ65zpthQ7qwP5V2JysISExV5oPjM7y0i1vsZJv7NF3 root@ubuntu-bionic
ssh-rsa AAAAB3NzaC1yc2EAAAADAQABAAABAQDjUVwtVRb+4gNBbF3GPdaMu0L5VHicPsEflGedocK8rKw2HAQIq/cZ0e+LioXAmB2QwSJdqdy8/RBr/CBsCpO/oMSdoCO1fK87+iFJMGy7fqtnb24cwsqAtZYVUowuPeX8d342oqLrp74srko8JTn5W9mAj5MIEbV50anfkM0joklgEM32IcsYr8vDTAuz4HJ95jYku7ewoTIIbWf8VA1AQE2u+AwBU6s+TJrW1+zOqwbZu3T7pIsxExhPTpC8EGWs5ha6ayAmz1Azby0qi9GsXOIy2+LJwPpe3XADAYBplJrIah3TVirFIdGiXBwaD/9MvmU8QJtUE6xIZaaTwxjj root@ubuntu-bionic
-----END SSH HOST KEY KEYS-----
[   21.559557] cloud-init[1729]: Cloud-init v. 23.1.2-0ubuntu0~18.04.1 running 'modules:final' at Fri, 19 Dec 2025 09:19:58 +0000. Up 21.37 seconds.
[   21.560585] cloud-init[1729]: Cloud-init v. 23.1.2-0ubuntu0~18.04.1 finished at Fri, 19 Dec 2025 09:19:58 +0000. Datasource DataSourceNoCloud [seed=/dev/sdb][dsmode=net].  Up 21.55 seconds
[[0;32m  OK  [0m] Started Execute cloud user/final scripts.
[[0;32m  OK  [0m] Reached target Cloud-init target.

Ubuntu 18.04.6 LTS ubuntu-bionic ttyS0

ubuntu-bionic login: 